[12-Mar-2025 23:14:34 UTC] PHP Warning:  Undefined array key "host" in /workspaces/UX221Assignment3/.wordpress/wp-includes/pluggable.php on line 1625
[13-Mar-2025 00:07:47 UTC] PHP Fatal error:  Out of memory (allocated 39845888) (tried to allocate 2097152 bytes) in /workspaces/UX221Assignment3/.wordpress/wp-content/plugins/ecommerce-product-catalog/ext-comp/index.php on line 71
[13-Mar-2025 00:07:49 UTC] PHP Fatal error:  Out of memory (allocated 35651584) (tried to allocate 2097152 bytes) in /workspaces/UX221Assignment3/.wordpress/wp-content/plugins/ecommerce-product-catalog/ext-comp/index.php on line 71
[13-Mar-2025 00:07:49 UTC] PHP Fatal error:  Out of memory (allocated 33554432) (tried to allocate 2097152 bytes) in /workspaces/UX221Assignment3/.wordpress/wp-content/plugins/ecommerce-product-catalog/ext-comp/index.php on line 71
[13-Mar-2025 00:07:49 UTC] PHP Fatal error:  Out of memory (allocated 31457280) (tried to allocate 2097152 bytes) in /workspaces/UX221Assignment3/.wordpress/wp-content/plugins/ecommerce-product-catalog/ext-comp/index.php on line 71
[13-Mar-2025 00:07:49 UTC] PHP Fatal error:  Out of memory (allocated 31457280) (tried to allocate 2097152 bytes) in /workspaces/UX221Assignment3/.wordpress/wp-content/plugins/ecommerce-product-catalog/ext-comp/index.php on line 71
[13-Mar-2025 00:07:50 UTC] PHP Fatal error:  Out of memory (allocated 31457280) (tried to allocate 2097152 bytes) in /workspaces/UX221Assignment3/.wordpress/wp-content/plugins/ecommerce-product-catalog/ext-comp/index.php on line 71
[13-Mar-2025 00:07:50 UTC] PHP Fatal error:  Out of memory (allocated 31457280) (tried to allocate 2097152 bytes) in /workspaces/UX221Assignment3/.wordpress/wp-content/plugins/ecommerce-product-catalog/ext-comp/index.php on line 71
[13-Mar-2025 00:07:50 UTC] PHP Fatal error:  Out of memory (allocated 31457280) (tried to allocate 2097152 bytes) in /workspaces/UX221Assignment3/.wordpress/wp-content/plugins/ecommerce-product-catalog/ext-comp/index.php on line 71
[13-Mar-2025 00:07:50 UTC] PHP Fatal error:  Out of memory (allocated 31457280) (tried to allocate 2097152 bytes) in /workspaces/UX221Assignment3/.wordpress/wp-content/plugins/ecommerce-product-catalog/ext-comp/index.php on line 71
[13-Mar-2025 00:07:51 UTC] PHP Fatal error:  Out of memory (allocated 31457280) (tried to allocate 2097152 bytes) in /workspaces/UX221Assignment3/.wordpress/wp-content/plugins/ecommerce-product-catalog/ext-comp/index.php on line 71
[13-Mar-2025 00:07:51 UTC] PHP Fatal error:  Out of memory (allocated 31457280) (tried to allocate 2097152 bytes) in /workspaces/UX221Assignment3/.wordpress/wp-content/plugins/ecommerce-product-catalog/ext-comp/index.php on line 67
[13-Mar-2025 00:07:57 UTC] PHP Fatal error:  Out of memory (allocated 31457280) (tried to allocate 2097152 bytes) in /workspaces/UX221Assignment3/.wordpress/wp-content/plugins/ecommerce-product-catalog/ext-comp/index.php on line 31
[13-Mar-2025 00:07:57 UTC] PHP Fatal error:  Out of memory (allocated 31457280) (tried to allocate 28672 bytes) in /workspaces/UX221Assignment3/.wordpress/wp-includes/PHPMailer/PHPMailer.php on line 2263
[13-Mar-2025 00:08:06 UTC] PHP Fatal error:  Out of memory (allocated 31457280) (tried to allocate 2097152 bytes) in /workspaces/UX221Assignment3/.wordpress/wp-content/plugins/ecommerce-product-catalog/ext-comp/index.php on line 67
[13-Mar-2025 00:08:07 UTC] PHP Fatal error:  Out of memory (allocated 31457280) (tried to allocate 2097152 bytes) in /workspaces/UX221Assignment3/.wordpress/wp-content/plugins/ecommerce-product-catalog/ext-comp/index.php on line 31
[13-Mar-2025 00:08:07 UTC] PHP Fatal error:  Out of memory (allocated 31457280) (tried to allocate 2097152 bytes) in /workspaces/UX221Assignment3/.wordpress/wp-content/plugins/ecommerce-product-catalog/ext-comp/index.php on line 71
[13-Mar-2025 00:08:10 UTC] PHP Fatal error:  Out of memory (allocated 31457280) (tried to allocate 2097152 bytes) in /workspaces/UX221Assignment3/.wordpress/wp-content/plugins/ecommerce-product-catalog/ext-comp/index.php on line 67
[13-Mar-2025 00:08:11 UTC] PHP Fatal error:  Out of memory (allocated 31457280) (tried to allocate 2097152 bytes) in /workspaces/UX221Assignment3/.wordpress/wp-content/plugins/ecommerce-product-catalog/ext-comp/index.php on line 34
[13-Mar-2025 00:08:12 UTC] PHP Fatal error:  Out of memory (allocated 31457280) (tried to allocate 2097152 bytes) in /workspaces/UX221Assignment3/.wordpress/wp-content/plugins/ecommerce-product-catalog/functions/functions.php on line 1441
[13-Mar-2025 00:08:14 UTC] PHP Fatal error:  Out of memory (allocated 31457280) (tried to allocate 2097152 bytes) in /workspaces/UX221Assignment3/.wordpress/wp-content/plugins/ecommerce-product-catalog/functions/functions.php on line 1441
[13-Mar-2025 00:34:01 UTC] PHP Warning:  Undefined variable $parent_theme_name in /workspaces/UX221Assignment3/.wordpress/wp-content/mu-plugins/one-click-child-theme/templates/create_child_form.php on line 18
[13-Mar-2025 00:39:42 UTC] PHP Warning:  Undefined variable $parent_theme_name in /workspaces/UX221Assignment3/.wordpress/wp-content/mu-plugins/one-click-child-theme/templates/create_child_form.php on line 18
[13-Mar-2025 00:39:54 UTC] PHP Warning:  Undefined variable $parent_theme_name in /workspaces/UX221Assignment3/.wordpress/wp-content/mu-plugins/one-click-child-theme/templates/create_child_form.php on line 18
[13-Mar-2025 00:40:04 UTC] PHP Warning:  Undefined variable $parent_theme_name in /workspaces/UX221Assignment3/.wordpress/wp-content/mu-plugins/one-click-child-theme/templates/create_child_form.php on line 18
